<?xml version="1.0" encoding="UTF-8" ?>
<testsuites>
  <testsuite errors="0" failures="0" hostname="Angela-PC" id="0" name="PropertyIntegrationTests" package="rent" tests="5" time="0.764" timestamp="2012-05-08T19:51:06">
      <properties />

      <testcase classname="rent.PropertyIntegrationTests" name="testSaveAndUpdate" time="0.468" />

      <testcase classname="rent.PropertyIntegrationTests" name="testSaveThenDelete" time="0.14" />

      <testcase classname="rent.PropertyIntegrationTests" name="testIncorrectSave" time="0.078" />

      <testcase classname="rent.PropertyIntegrationTests" name="testIncorrectSaveCorrected" time="0.047" />

      <testcase classname="rent.PropertyIntegrationTests" name="testSave" time="0.031" />

      <system-out><![CDATA[--Output from testSaveAndUpdate--
--Output from testSaveThenDelete--
--Output from testIncorrectSave--
--Output from testIncorrectSaveCorrected--
--Output from testSave--
]]></system-out>

      <system-err><![CDATA[--Output from testSaveAndUpdate--
--Output from testSaveThenDelete--
--Output from testIncorrectSave--
--Output from testIncorrectSaveCorrected--
--Output from testSave--
]]></system-err>

  </testsuite>
  <testsuite errors="0" failures="0" hostname="Angela-PC" id="1" name="TenantIntegrationTests" package="rent" tests="5" time="0.438" timestamp="2012-05-08T19:51:07">
      <properties />

      <testcase classname="rent.TenantIntegrationTests" name="testSaveAndUpdate" time="0.124" />

      <testcase classname="rent.TenantIntegrationTests" name="testSaveThenDelete" time="0.064" />

      <testcase classname="rent.TenantIntegrationTests" name="testIncorrectSave" time="0.094" />

      <testcase classname="rent.TenantIntegrationTests" name="testIncorrectSaveCorrected" time="0.094" />

      <testcase classname="rent.TenantIntegrationTests" name="testSave" time="0.046" />

      <system-out><![CDATA[--Output from testSaveAndUpdate--
--Output from testSaveThenDelete--
--Output from testIncorrectSave--
--Output from testIncorrectSaveCorrected--
--Output from testSave--
]]></system-out>

      <system-err><![CDATA[--Output from testSaveAndUpdate--
--Output from testSaveThenDelete--
--Output from testIncorrectSave--
--Output from testIncorrectSaveCorrected--
--Output from testSave--
]]></system-err>

  </testsuite>
  <testsuite errors="0" failures="0" hostname="Angela-PC" id="2" name="UnitIntegrationTests" package="rent" tests="5" time="0.859" timestamp="2012-05-08T19:51:07">
      <properties />

      <testcase classname="rent.UnitIntegrationTests" name="testSaveAndUpdate" time="0.031" />

      <testcase classname="rent.UnitIntegrationTests" name="testSaveThenDelete" time="0.687" />

      <testcase classname="rent.UnitIntegrationTests" name="testIncorrectSave" time="0.046" />

      <testcase classname="rent.UnitIntegrationTests" name="testIncorrectSaveCorrected" time="0.033" />

      <testcase classname="rent.UnitIntegrationTests" name="testSave" time="0.031" />

      <system-out><![CDATA[--Output from testSaveAndUpdate--
--Output from testSaveThenDelete--
--Output from testIncorrectSave--
--Output from testIncorrectSaveCorrected--
--Output from testSave--
]]></system-out>

      <system-err><![CDATA[--Output from testSaveAndUpdate--
--Output from testSaveThenDelete--
--Output from testIncorrectSave--
--Output from testIncorrectSaveCorrected--
--Output from testSave--
]]></system-err>

  </testsuite>
  <testsuite errors="0" failures="0" hostname="Angela-PC" id="3" name="UserIntegrationTests" package="rent" tests="5" time="0.125" timestamp="2012-05-08T19:51:08">
      <properties />

      <testcase classname="rent.UserIntegrationTests" name="testSaveAndUpdate" time="0.047" />

      <testcase classname="rent.UserIntegrationTests" name="testSaveThenDelete" time="0.015" />

      <testcase classname="rent.UserIntegrationTests" name="testIncorrectSave" time="0.032" />

      <testcase classname="rent.UserIntegrationTests" name="testIncorrectSaveCorrected" time="0.015" />

      <testcase classname="rent.UserIntegrationTests" name="testSave" time="0.016" />

      <system-out><![CDATA[--Output from testSaveAndUpdate--
--Output from testSaveThenDelete--
--Output from testIncorrectSave--
--Output from testIncorrectSaveCorrected--
--Output from testSave--
]]></system-out>

      <system-err><![CDATA[--Output from testSaveAndUpdate--
--Output from testSaveThenDelete--
--Output from testIncorrectSave--
--Output from testIncorrectSaveCorrected--
--Output from testSave--
]]></system-err>

  </testsuite>
  <testsuite errors="0" failures="0" hostname="Angela-PC" id="4" name="PropertyTests" package="rent" tests="1" time="2.217" timestamp="2012-05-08T19:50:34">
      <properties />

      <testcase classname="rent.PropertyTests" name="testConstraints" time="1.952" />

      <system-out><![CDATA[--Output from testConstraints--
]]></system-out>

      <system-err><![CDATA[--Output from testConstraints--
]]></system-err>

  </testsuite>
  <testsuite errors="0" failures="0" hostname="Angela-PC" id="5" name="SiteInfoUnitTests" package="rent" tests="1" time="0.39" timestamp="2012-05-08T19:50:36">
      <properties />

      <testcase classname="rent.SiteInfoUnitTests" name="testConstraints" time="0.141" />

      <system-out><![CDATA[--Output from testConstraints--
]]></system-out>

      <system-err><![CDATA[--Output from testConstraints--
]]></system-err>

  </testsuite>
  <testsuite errors="0" failures="0" hostname="Angela-PC" id="6" name="TenantTests" package="rent" tests="1" time="1.779" timestamp="2012-05-08T19:50:37">
      <properties />

      <testcase classname="rent.TenantTests" name="testConstraints" time="1.591" />

      <system-out><![CDATA[--Output from testConstraints--
]]></system-out>

      <system-err><![CDATA[--Output from testConstraints--
]]></system-err>

  </testsuite>
  <testsuite errors="0" failures="0" hostname="Angela-PC" id="7" name="UnitTests" package="rent" tests="1" time="0.485" timestamp="2012-05-08T19:50:39">
      <properties />

      <testcase classname="rent.UnitTests" name="testConstraints" time="0.297" />

      <system-out><![CDATA[--Output from testConstraints--
]]></system-out>

      <system-err><![CDATA[--Output from testConstraints--
]]></system-err>

  </testsuite>
  <testsuite errors="0" failures="0" hostname="Angela-PC" id="8" name="UserTests" package="rent" tests="1" time="0.436" timestamp="2012-05-08T19:50:39">
      <properties />

      <testcase classname="rent.UserTests" name="testConstraints" time="0.421" />

      <system-out><![CDATA[--Output from testConstraints--
]]></system-out>

      <system-err><![CDATA[--Output from testConstraints--
]]></system-err>

  </testsuite>
</testsuites>
